mode: set
itish41/doctor_ai_assistant/initializers/connect.go:14.24,17.15 3 1
itish41/doctor_ai_assistant/initializers/connect.go:17.15,20.3 2 0
itish41/doctor_ai_assistant/initializers/connect.go:22.2,35.16 4 1
itish41/doctor_ai_assistant/initializers/connect.go:35.16,37.3 1 0
itish41/doctor_ai_assistant/initializers/connect.go:40.2,43.12 3 1
itish41/doctor_ai_assistant/initializers/loadenv.go:10.22,13.16 3 1
itish41/doctor_ai_assistant/initializers/loadenv.go:13.16,16.3 2 1
itish41/doctor_ai_assistant/initializers/loadenv.go:17.2,18.12 2 1
itish41/doctor_ai_assistant/initializers/migrate.go:14.22,18.15 3 0
itish41/doctor_ai_assistant/initializers/migrate.go:18.15,20.3 1 0
itish41/doctor_ai_assistant/initializers/migrate.go:23.2,24.16 2 0
itish41/doctor_ai_assistant/initializers/migrate.go:24.16,26.3 1 0
itish41/doctor_ai_assistant/initializers/migrate.go:30.2,33.16 2 0
itish41/doctor_ai_assistant/initializers/migrate.go:33.16,35.3 1 0
itish41/doctor_ai_assistant/initializers/migrate.go:38.2,43.16 2 0
itish41/doctor_ai_assistant/initializers/migrate.go:43.16,45.3 1 0
itish41/doctor_ai_assistant/initializers/migrate.go:48.2,48.61 1 0
itish41/doctor_ai_assistant/initializers/migrate.go:48.61,50.3 1 0
itish41/doctor_ai_assistant/initializers/migrate.go:52.2,53.12 2 0
itish41/doctor_ai_assistant/route/route.go:9.33,12.2 2 0
itish41/doctor_ai_assistant/route/route.go:12.2,17.3 4 0
itish41/doctor_ai_assistant/route/route.go:20.2,21.2 2 0
itish41/doctor_ai_assistant/route/route.go:21.2,27.3 5 0
itish41/doctor_ai_assistant/route/route.go:30.2,31.2 2 0
itish41/doctor_ai_assistant/route/route.go:31.2,37.3 5 0
itish41/doctor_ai_assistant/route/route.go:40.2,41.2 2 0
itish41/doctor_ai_assistant/route/route.go:41.2,47.3 5 0
itish41/doctor_ai_assistant/controller/controller.go:17.29,19.48 2 0
itish41/doctor_ai_assistant/controller/controller.go:19.48,25.3 3 0
itish41/doctor_ai_assistant/controller/controller.go:26.2,29.16 3 0
itish41/doctor_ai_assistant/controller/controller.go:29.16,35.3 3 0
itish41/doctor_ai_assistant/controller/controller.go:36.2,37.70 2 0
itish41/doctor_ai_assistant/controller/controller.go:42.28,44.48 2 0
itish41/doctor_ai_assistant/controller/controller.go:44.48,50.3 3 0
itish41/doctor_ai_assistant/controller/controller.go:51.2,54.16 3 0
itish41/doctor_ai_assistant/controller/controller.go:54.16,60.3 3 0
itish41/doctor_ai_assistant/controller/controller.go:63.2,64.16 2 0
itish41/doctor_ai_assistant/controller/controller.go:64.16,70.3 3 0
itish41/doctor_ai_assistant/controller/controller.go:72.2,77.4 2 0
itish41/doctor_ai_assistant/controller/controller.go:81.33,86.47 2 0
itish41/doctor_ai_assistant/controller/controller.go:86.47,89.3 2 0
itish41/doctor_ai_assistant/controller/controller.go:92.2,92.21 1 0
itish41/doctor_ai_assistant/controller/controller.go:92.21,95.3 2 0
itish41/doctor_ai_assistant/controller/controller.go:98.2,99.16 2 0
itish41/doctor_ai_assistant/controller/controller.go:99.16,102.3 2 0
itish41/doctor_ai_assistant/controller/controller.go:104.2,104.32 1 0
itish41/doctor_ai_assistant/controller/controller.go:108.36,117.51 2 0
itish41/doctor_ai_assistant/controller/controller.go:117.51,121.3 3 0
itish41/doctor_ai_assistant/controller/controller.go:124.2,124.25 1 0
itish41/doctor_ai_assistant/controller/controller.go:124.25,128.3 3 0
itish41/doctor_ai_assistant/controller/controller.go:131.2,132.16 2 0
itish41/doctor_ai_assistant/controller/controller.go:132.16,136.3 3 0
itish41/doctor_ai_assistant/controller/controller.go:139.2,139.80 1 0
itish41/doctor_ai_assistant/controller/controller.go:144.40,151.51 2 0
itish41/doctor_ai_assistant/controller/controller.go:151.51,155.3 3 0
itish41/doctor_ai_assistant/controller/controller.go:158.2,158.25 1 0
itish41/doctor_ai_assistant/controller/controller.go:158.25,162.3 3 0
itish41/doctor_ai_assistant/controller/controller.go:165.2,166.95 2 0
itish41/doctor_ai_assistant/controller/controller.go:166.95,170.3 3 0
itish41/doctor_ai_assistant/controller/controller.go:173.2,177.31 4 0
itish41/doctor_ai_assistant/controller/controller.go:177.31,179.3 1 0
itish41/doctor_ai_assistant/controller/controller.go:180.2,181.32 2 0
itish41/doctor_ai_assistant/controller/controller.go:181.32,183.3 1 0
itish41/doctor_ai_assistant/controller/controller.go:186.2,187.16 2 0
itish41/doctor_ai_assistant/controller/controller.go:187.16,191.3 3 0
itish41/doctor_ai_assistant/controller/controller.go:194.2,200.4 1 0
itish41/doctor_ai_assistant/controller/controller.go:204.43,210.51 2 0
itish41/doctor_ai_assistant/controller/controller.go:210.51,214.3 3 0
itish41/doctor_ai_assistant/controller/controller.go:216.2,217.16 2 0
itish41/doctor_ai_assistant/controller/controller.go:217.16,221.3 3 0
itish41/doctor_ai_assistant/controller/controller.go:223.2,224.16 2 0
itish41/doctor_ai_assistant/controller/controller.go:224.16,228.3 3 0
itish41/doctor_ai_assistant/controller/controller.go:231.2,234.4 1 0
itish41/doctor_ai_assistant/controller/controller.go:238.42,242.16 3 0
itish41/doctor_ai_assistant/controller/controller.go:242.16,246.3 3 0
itish41/doctor_ai_assistant/controller/controller.go:248.2,253.51 2 0
itish41/doctor_ai_assistant/controller/controller.go:253.51,257.3 3 0
itish41/doctor_ai_assistant/controller/controller.go:259.2,260.16 2 0
itish41/doctor_ai_assistant/controller/controller.go:260.16,264.3 3 0
itish41/doctor_ai_assistant/controller/controller.go:266.2,266.79 1 0
itish41/doctor_ai_assistant/controller/controller.go:269.42,273.16 3 0
itish41/doctor_ai_assistant/controller/controller.go:273.16,277.3 3 0
itish41/doctor_ai_assistant/controller/controller.go:279.2,283.51 2 0
itish41/doctor_ai_assistant/controller/controller.go:283.51,287.3 3 0
itish41/doctor_ai_assistant/controller/controller.go:289.2,290.16 2 0
itish41/doctor_ai_assistant/controller/controller.go:290.16,294.3 3 0
itish41/doctor_ai_assistant/controller/controller.go:296.2,296.79 1 0
itish41/doctor_ai_assistant/controller/controller.go:307.44,310.47 2 0
itish41/doctor_ai_assistant/controller/controller.go:310.47,314.3 3 0
itish41/doctor_ai_assistant/controller/controller.go:317.2,318.97 2 0
itish41/doctor_ai_assistant/controller/controller.go:318.97,322.3 3 0
itish41/doctor_ai_assistant/controller/controller.go:325.2,326.16 2 0
itish41/doctor_ai_assistant/controller/controller.go:326.16,330.3 3 0
itish41/doctor_ai_assistant/controller/controller.go:333.2,334.16 2 0
itish41/doctor_ai_assistant/controller/controller.go:334.16,338.3 3 0
itish41/doctor_ai_assistant/controller/controller.go:341.2,341.17 1 0
itish41/doctor_ai_assistant/controller/controller.go:354.36,356.47 2 0
itish41/doctor_ai_assistant/controller/controller.go:356.47,360.3 3 0
itish41/doctor_ai_assistant/controller/controller.go:362.2,363.16 2 0
itish41/doctor_ai_assistant/controller/controller.go:363.16,367.3 3 0
itish41/doctor_ai_assistant/controller/controller.go:369.2,369.38 1 0
itish41/doctor_ai_assistant/controller/controller.go:373.34,380.51 2 0
itish41/doctor_ai_assistant/controller/controller.go:380.51,384.3 3 0
itish41/doctor_ai_assistant/controller/controller.go:387.2,387.25 1 0
itish41/doctor_ai_assistant/controller/controller.go:387.25,391.3 3 0
itish41/doctor_ai_assistant/controller/controller.go:393.2,397.95 3 0
itish41/doctor_ai_assistant/controller/controller.go:397.95,401.3 3 0
itish41/doctor_ai_assistant/controller/controller.go:403.2,410.31 5 0
itish41/doctor_ai_assistant/controller/controller.go:410.31,412.3 1 0
itish41/doctor_ai_assistant/controller/controller.go:414.2,415.32 2 0
itish41/doctor_ai_assistant/controller/controller.go:415.32,417.3 1 0
itish41/doctor_ai_assistant/controller/controller.go:420.2,421.16 2 0
itish41/doctor_ai_assistant/controller/controller.go:421.16,425.3 3 0
itish41/doctor_ai_assistant/controller/controller.go:427.2,435.4 2 0
itish41/doctor_ai_assistant/controller/controller.go:439.37,447.51 2 0
itish41/doctor_ai_assistant/controller/controller.go:447.51,451.3 3 0
itish41/doctor_ai_assistant/controller/controller.go:454.2,454.25 1 0
itish41/doctor_ai_assistant/controller/controller.go:454.25,458.3 3 0
itish41/doctor_ai_assistant/controller/controller.go:461.2,462.95 2 0
itish41/doctor_ai_assistant/controller/controller.go:462.95,466.3 3 0
itish41/doctor_ai_assistant/controller/controller.go:469.2,470.16 2 0
itish41/doctor_ai_assistant/controller/controller.go:470.16,474.3 3 0
itish41/doctor_ai_assistant/controller/controller.go:477.2,478.16 2 0
itish41/doctor_ai_assistant/controller/controller.go:478.16,482.3 3 0
itish41/doctor_ai_assistant/controller/controller.go:486.2,493.4 1 0
itish41/doctor_ai_assistant/controller/controller.go:498.36,506.51 2 0
itish41/doctor_ai_assistant/controller/controller.go:506.51,510.3 3 0
itish41/doctor_ai_assistant/controller/controller.go:513.2,513.25 1 0
itish41/doctor_ai_assistant/controller/controller.go:513.25,517.3 3 0
itish41/doctor_ai_assistant/controller/controller.go:520.2,520.29 1 0
itish41/doctor_ai_assistant/controller/controller.go:520.29,524.3 3 0
itish41/doctor_ai_assistant/controller/controller.go:527.2,528.16 2 0
itish41/doctor_ai_assistant/controller/controller.go:528.16,532.3 3 0
itish41/doctor_ai_assistant/controller/controller.go:535.2,536.16 2 0
itish41/doctor_ai_assistant/controller/controller.go:536.16,540.3 3 0
itish41/doctor_ai_assistant/controller/controller.go:542.2,542.73 1 0
itish41/doctor_ai_assistant/controller/controller.go:550.46,552.51 2 0
itish41/doctor_ai_assistant/controller/controller.go:552.51,556.3 3 0
itish41/doctor_ai_assistant/controller/controller.go:558.2,558.25 1 0
itish41/doctor_ai_assistant/controller/controller.go:558.25,562.3 3 0
itish41/doctor_ai_assistant/controller/controller.go:565.2,566.119 2 0
itish41/doctor_ai_assistant/controller/controller.go:566.119,570.3 3 0
itish41/doctor_ai_assistant/controller/controller.go:573.2,574.17 2 0
itish41/doctor_ai_assistant/controller/controller.go:574.17,576.3 1 0
itish41/doctor_ai_assistant/controller/controller.go:579.2,580.16 2 0
itish41/doctor_ai_assistant/controller/controller.go:580.16,584.3 3 0
itish41/doctor_ai_assistant/controller/controller.go:586.2,586.39 1 0
itish41/doctor_ai_assistant/controller/controller.go:589.43,591.51 2 0
itish41/doctor_ai_assistant/controller/controller.go:591.51,595.3 3 0
itish41/doctor_ai_assistant/controller/controller.go:597.2,597.25 1 0
itish41/doctor_ai_assistant/controller/controller.go:597.25,601.3 3 0
itish41/doctor_ai_assistant/controller/controller.go:604.2,605.119 2 0
itish41/doctor_ai_assistant/controller/controller.go:605.119,609.3 3 0
itish41/doctor_ai_assistant/controller/controller.go:612.2,613.17 2 0
itish41/doctor_ai_assistant/controller/controller.go:613.17,615.3 1 0
itish41/doctor_ai_assistant/controller/controller.go:618.2,619.16 2 0
itish41/doctor_ai_assistant/controller/controller.go:619.16,623.3 3 0
itish41/doctor_ai_assistant/controller/controller.go:625.2,625.33 1 0
itish41/doctor_ai_assistant/controller/controller.go:628.41,630.51 2 0
itish41/doctor_ai_assistant/controller/controller.go:630.51,634.3 3 0
itish41/doctor_ai_assistant/controller/controller.go:636.2,636.25 1 0
itish41/doctor_ai_assistant/controller/controller.go:636.25,640.3 3 0
itish41/doctor_ai_assistant/controller/controller.go:643.2,644.95 2 0
itish41/doctor_ai_assistant/controller/controller.go:644.95,648.3 3 0
itish41/doctor_ai_assistant/controller/controller.go:651.2,652.17 2 0
itish41/doctor_ai_assistant/controller/controller.go:652.17,654.3 1 0
itish41/doctor_ai_assistant/controller/controller.go:657.2,658.16 2 0
itish41/doctor_ai_assistant/controller/controller.go:658.16,662.3 3 0
itish41/doctor_ai_assistant/controller/controller.go:664.2,664.30 1 0
itish41/doctor_ai_assistant/controller/controller.go:672.43,674.51 2 0
itish41/doctor_ai_assistant/controller/controller.go:674.51,678.3 3 0
itish41/doctor_ai_assistant/controller/controller.go:680.2,680.25 1 0
itish41/doctor_ai_assistant/controller/controller.go:680.25,684.3 3 0
itish41/doctor_ai_assistant/controller/controller.go:687.2,688.119 2 0
itish41/doctor_ai_assistant/controller/controller.go:688.119,692.3 3 0
itish41/doctor_ai_assistant/controller/controller.go:695.2,696.19 2 0
itish41/doctor_ai_assistant/controller/controller.go:696.19,698.3 1 0
itish41/doctor_ai_assistant/controller/controller.go:701.2,702.16 2 0
itish41/doctor_ai_assistant/controller/controller.go:702.16,706.3 3 0
itish41/doctor_ai_assistant/controller/controller.go:708.2,708.30 1 0
itish41/doctor_ai_assistant/controller/controller.go:711.37,713.51 2 0
itish41/doctor_ai_assistant/controller/controller.go:713.51,717.3 3 0
itish41/doctor_ai_assistant/controller/controller.go:719.2,719.25 1 0
itish41/doctor_ai_assistant/controller/controller.go:719.25,723.3 3 0
itish41/doctor_ai_assistant/controller/controller.go:726.2,727.95 2 0
itish41/doctor_ai_assistant/controller/controller.go:727.95,731.3 3 0
itish41/doctor_ai_assistant/controller/controller.go:734.2,736.31 3 0
itish41/doctor_ai_assistant/controller/controller.go:736.31,738.3 1 0
itish41/doctor_ai_assistant/controller/controller.go:741.2,742.16 2 0
itish41/doctor_ai_assistant/controller/controller.go:742.16,746.3 3 0
itish41/doctor_ai_assistant/controller/controller.go:748.2,748.30 1 0
itish41/doctor_ai_assistant/controller/controller.go:752.36,761.51 2 0
itish41/doctor_ai_assistant/controller/controller.go:761.51,765.3 3 0
itish41/doctor_ai_assistant/controller/controller.go:768.2,768.25 1 0
itish41/doctor_ai_assistant/controller/controller.go:768.25,772.3 3 0
itish41/doctor_ai_assistant/controller/controller.go:775.2,776.95 2 0
itish41/doctor_ai_assistant/controller/controller.go:776.95,780.3 3 0
itish41/doctor_ai_assistant/controller/controller.go:783.2,784.16 2 0
itish41/doctor_ai_assistant/controller/controller.go:784.16,788.3 3 0
itish41/doctor_ai_assistant/controller/controller.go:791.2,792.16 2 0
itish41/doctor_ai_assistant/controller/controller.go:792.16,796.3 3 0
itish41/doctor_ai_assistant/controller/controller.go:798.2,798.73 1 0
itish41/doctor_ai_assistant/main.go:15.13,16.47 1 0
itish41/doctor_ai_assistant/main.go:16.47,18.3 1 0
itish41/doctor_ai_assistant/main.go:19.2,19.49 1 0
itish41/doctor_ai_assistant/main.go:19.49,21.3 1 0
itish41/doctor_ai_assistant/main.go:23.2,23.47 1 0
itish41/doctor_ai_assistant/main.go:23.47,25.3 1 0
itish41/doctor_ai_assistant/main.go:28.13,38.40 5 0
itish41/doctor_ai_assistant/main.go:38.40,40.3 1 0
itish41/doctor_ai_assistant/main.go:42.2,43.16 2 0
itish41/doctor_ai_assistant/main.go:43.16,45.3 1 0
itish41/doctor_ai_assistant/main.go:46.2,54.16 5 0
itish41/doctor_ai_assistant/main.go:54.16,56.3 1 0
itish41/doctor_ai_assistant/main.go:59.2,59.72 1 0
itish41/doctor_ai_assistant/main.go:59.72,61.3 1 0
itish41/doctor_ai_assistant/main.go:64.2,64.47 1 0
itish41/doctor_ai_assistant/main.go:64.47,66.3 1 0
itish41/doctor_ai_assistant/middleware/cors.go:7.39,8.30 1 0
itish41/doctor_ai_assistant/middleware/cors.go:8.30,21.48 4 0
itish41/doctor_ai_assistant/middleware/cors.go:21.48,30.45 1 0
itish41/doctor_ai_assistant/middleware/cors.go:30.45,32.10 2 0
itish41/doctor_ai_assistant/middleware/cors.go:37.3,37.16 1 0
itish41/doctor_ai_assistant/middleware/cors.go:37.16,39.4 1 0
itish41/doctor_ai_assistant/middleware/cors.go:39.9,42.4 1 0
itish41/doctor_ai_assistant/middleware/cors.go:45.3,52.36 4 0
itish41/doctor_ai_assistant/middleware/cors.go:52.36,55.4 2 0
itish41/doctor_ai_assistant/middleware/cors.go:57.3,57.11 1 0
itish41/doctor_ai_assistant/middleware/jwt.go:12.50,21.21 3 0
itish41/doctor_ai_assistant/middleware/jwt.go:21.21,23.3 1 0
itish41/doctor_ai_assistant/middleware/jwt.go:26.2,27.16 2 0
itish41/doctor_ai_assistant/middleware/jwt.go:27.16,29.3 1 0
itish41/doctor_ai_assistant/middleware/jwt.go:31.2,31.25 1 0
itish41/doctor_ai_assistant/service/dashboard.go:21.89,26.16 3 0
itish41/doctor_ai_assistant/service/dashboard.go:26.16,29.3 2 0
itish41/doctor_ai_assistant/service/dashboard.go:31.2,37.25 2 0
itish41/doctor_ai_assistant/service/dashboard.go:37.25,40.3 2 0
itish41/doctor_ai_assistant/service/dashboard.go:42.2,42.28 1 0
itish41/doctor_ai_assistant/service/dashboard.go:45.66,50.16 3 0
itish41/doctor_ai_assistant/service/dashboard.go:50.16,53.3 2 0
itish41/doctor_ai_assistant/service/dashboard.go:56.2,60.25 2 0
itish41/doctor_ai_assistant/service/dashboard.go:60.25,63.3 2 0
itish41/doctor_ai_assistant/service/dashboard.go:66.2,70.25 2 0
itish41/doctor_ai_assistant/service/dashboard.go:70.25,73.3 2 0
itish41/doctor_ai_assistant/service/dashboard.go:76.2,77.16 2 0
itish41/doctor_ai_assistant/service/dashboard.go:77.16,79.3 1 0
itish41/doctor_ai_assistant/service/dashboard.go:80.2,84.16 3 0
itish41/doctor_ai_assistant/service/dashboard.go:84.16,86.3 1 0
itish41/doctor_ai_assistant/service/dashboard.go:87.2,89.20 2 0
itish41/doctor_ai_assistant/service/dashboard.go:98.78,102.16 3 0
itish41/doctor_ai_assistant/service/dashboard.go:102.16,105.3 2 0
itish41/doctor_ai_assistant/service/dashboard.go:107.2,114.25 2 0
itish41/doctor_ai_assistant/service/dashboard.go:114.25,117.3 2 0
itish41/doctor_ai_assistant/service/dashboard.go:119.2,119.24 1 0
itish41/doctor_ai_assistant/service/dashboard.go:122.82,126.16 3 0
itish41/doctor_ai_assistant/service/dashboard.go:126.16,129.3 2 0
itish41/doctor_ai_assistant/service/dashboard.go:131.2,138.25 2 0
itish41/doctor_ai_assistant/service/dashboard.go:138.25,141.3 2 0
itish41/doctor_ai_assistant/service/dashboard.go:143.2,143.26 1 0
itish41/doctor_ai_assistant/service/dashboard.go:146.74,150.16 3 0
itish41/doctor_ai_assistant/service/dashboard.go:150.16,153.3 2 0
itish41/doctor_ai_assistant/service/dashboard.go:155.2,163.25 2 0
itish41/doctor_ai_assistant/service/dashboard.go:163.25,166.3 2 0
itish41/doctor_ai_assistant/service/dashboard.go:168.2,168.25 1 0
itish41/doctor_ai_assistant/service/dashboard.go:171.80,175.16 3 0
itish41/doctor_ai_assistant/service/dashboard.go:175.16,178.3 2 0
itish41/doctor_ai_assistant/service/dashboard.go:180.2,189.25 3 0
itish41/doctor_ai_assistant/service/dashboard.go:189.25,192.3 2 0
itish41/doctor_ai_assistant/service/dashboard.go:194.2,194.22 1 0
itish41/doctor_ai_assistant/service/login.go:13.45,24.15 4 0
itish41/doctor_ai_assistant/service/login.go:24.15,25.31 1 0
itish41/doctor_ai_assistant/service/login.go:25.31,27.4 1 0
itish41/doctor_ai_assistant/service/login.go:31.2,33.25 2 0
itish41/doctor_ai_assistant/service/login.go:33.25,37.3 3 0
itish41/doctor_ai_assistant/service/login.go:40.2,40.108 1 0
itish41/doctor_ai_assistant/service/login.go:40.108,44.3 3 0
itish41/doctor_ai_assistant/service/login.go:47.2,47.42 1 0
itish41/doctor_ai_assistant/service/login.go:47.42,50.3 2 0
itish41/doctor_ai_assistant/service/login.go:52.2,53.12 2 0
itish41/doctor_ai_assistant/service/patient.go:22.60,27.16 4 0
itish41/doctor_ai_assistant/service/patient.go:27.16,29.3 1 0
itish41/doctor_ai_assistant/service/patient.go:31.2,31.28 1 0
itish41/doctor_ai_assistant/service/patient.go:31.28,33.3 1 0
itish41/doctor_ai_assistant/service/patient.go:34.2,34.30 1 0
itish41/doctor_ai_assistant/service/patient.go:38.50,67.16 4 0
itish41/doctor_ai_assistant/service/patient.go:67.16,69.3 1 0
itish41/doctor_ai_assistant/service/patient.go:71.2,72.61 2 0
itish41/doctor_ai_assistant/service/patient.go:72.61,74.3 1 0
itish41/doctor_ai_assistant/service/patient.go:76.2,77.30 2 0
itish41/doctor_ai_assistant/service/patient.go:77.30,79.3 1 0
itish41/doctor_ai_assistant/service/patient.go:81.2,82.9 2 0
itish41/doctor_ai_assistant/service/patient.go:82.9,84.3 1 0
itish41/doctor_ai_assistant/service/patient.go:86.2,86.21 1 0
itish41/doctor_ai_assistant/service/patient.go:89.132,90.54 1 0
itish41/doctor_ai_assistant/service/patient.go:90.54,93.3 2 0
itish41/doctor_ai_assistant/service/patient.go:94.2,98.93 3 0
itish41/doctor_ai_assistant/service/patient.go:98.93,101.3 2 0
itish41/doctor_ai_assistant/service/patient.go:102.2,106.67 3 0
itish41/doctor_ai_assistant/service/patient.go:106.67,109.3 2 0
itish41/doctor_ai_assistant/service/patient.go:110.2,114.16 3 0
itish41/doctor_ai_assistant/service/patient.go:114.16,117.3 2 0
itish41/doctor_ai_assistant/service/patient.go:118.2,122.16 3 0
itish41/doctor_ai_assistant/service/patient.go:122.16,125.3 2 0
itish41/doctor_ai_assistant/service/patient.go:126.2,138.72 3 0
itish41/doctor_ai_assistant/service/patient.go:138.72,141.3 2 0
itish41/doctor_ai_assistant/service/patient.go:142.2,143.31 2 0
itish41/doctor_ai_assistant/service/patient.go:147.53,148.24 1 0
itish41/doctor_ai_assistant/service/patient.go:148.24,150.3 1 0
itish41/doctor_ai_assistant/service/patient.go:151.2,151.22 1 0
itish41/doctor_ai_assistant/service/patient.go:151.22,153.3 1 0
itish41/doctor_ai_assistant/service/patient.go:154.2,154.12 1 0
itish41/doctor_ai_assistant/service/patient.go:157.88,162.118 3 0
itish41/doctor_ai_assistant/service/patient.go:162.118,165.3 2 0
itish41/doctor_ai_assistant/service/patient.go:168.2,169.123 2 0
itish41/doctor_ai_assistant/service/patient.go:169.123,172.3 2 0
itish41/doctor_ai_assistant/service/patient.go:174.2,174.29 1 0
itish41/doctor_ai_assistant/service/patient.go:177.123,182.117 3 0
itish41/doctor_ai_assistant/service/patient.go:182.117,185.3 2 0
itish41/doctor_ai_assistant/service/patient.go:188.2,188.103 1 0
itish41/doctor_ai_assistant/service/patient.go:188.103,191.3 2 0
itish41/doctor_ai_assistant/service/patient.go:193.2,193.38 1 0
itish41/doctor_ai_assistant/service/patient.go:196.106,200.117 2 0
itish41/doctor_ai_assistant/service/patient.go:200.117,203.3 2 0
itish41/doctor_ai_assistant/service/patient.go:206.2,212.30 2 0
itish41/doctor_ai_assistant/service/patient.go:212.30,213.26 1 0
itish41/doctor_ai_assistant/service/patient.go:213.26,215.4 1 0
itish41/doctor_ai_assistant/service/patient.go:219.2,219.82 1 0
itish41/doctor_ai_assistant/service/patient.go:219.82,222.3 2 0
itish41/doctor_ai_assistant/service/patient.go:224.2,225.12 2 0
itish41/doctor_ai_assistant/service/patient.go:229.47,233.89 2 0
itish41/doctor_ai_assistant/service/patient.go:233.89,236.3 2 0
itish41/doctor_ai_assistant/service/patient.go:239.2,239.113 1 0
itish41/doctor_ai_assistant/service/patient.go:239.113,242.3 2 0
itish41/doctor_ai_assistant/service/patient.go:245.2,245.63 1 0
itish41/doctor_ai_assistant/service/patient.go:245.63,248.3 2 0
itish41/doctor_ai_assistant/service/patient.go:250.2,250.12 1 0
itish41/doctor_ai_assistant/service/profile.go:13.61,18.16 3 0
itish41/doctor_ai_assistant/service/profile.go:18.16,21.3 2 0
itish41/doctor_ai_assistant/service/profile.go:24.2,34.16 3 0
itish41/doctor_ai_assistant/service/profile.go:34.16,35.27 1 0
itish41/doctor_ai_assistant/service/profile.go:35.27,38.4 2 0
itish41/doctor_ai_assistant/service/profile.go:39.3,40.60 2 0
itish41/doctor_ai_assistant/service/profile.go:43.2,47.21 3 0
itish41/doctor_ai_assistant/service/profile.go:50.75,58.15 4 0
itish41/doctor_ai_assistant/service/profile.go:58.15,59.31 1 0
itish41/doctor_ai_assistant/service/profile.go:59.31,61.4 1 0
itish41/doctor_ai_assistant/service/profile.go:65.2,66.25 2 0
itish41/doctor_ai_assistant/service/profile.go:66.25,69.3 2 0
itish41/doctor_ai_assistant/service/profile.go:72.2,73.16 2 0
itish41/doctor_ai_assistant/service/profile.go:73.16,75.3 1 0
itish41/doctor_ai_assistant/service/profile.go:76.2,76.26 1 0
itish41/doctor_ai_assistant/service/profile.go:76.26,78.3 1 0
itish41/doctor_ai_assistant/service/profile.go:79.2,79.17 1 0
itish41/doctor_ai_assistant/service/profile.go:79.17,81.3 1 0
itish41/doctor_ai_assistant/service/profile.go:84.2,85.25 2 0
itish41/doctor_ai_assistant/service/profile.go:85.25,89.3 3 0
itish41/doctor_ai_assistant/service/profile.go:92.2,92.42 1 0
itish41/doctor_ai_assistant/service/profile.go:92.42,95.3 2 0
itish41/doctor_ai_assistant/service/profile.go:97.2,98.12 2 0
itish41/doctor_ai_assistant/service/sign_up.go:14.50,17.43 2 0
itish41/doctor_ai_assistant/service/sign_up.go:17.43,19.3 1 0
itish41/doctor_ai_assistant/service/sign_up.go:22.2,22.26 1 0
itish41/doctor_ai_assistant/service/sign_up.go:22.26,24.3 1 0
itish41/doctor_ai_assistant/service/sign_up.go:27.2,28.43 2 0
itish41/doctor_ai_assistant/service/sign_up.go:28.43,30.3 1 0
itish41/doctor_ai_assistant/service/sign_up.go:33.2,33.30 1 0
itish41/doctor_ai_assistant/service/sign_up.go:33.30,35.3 1 0
itish41/doctor_ai_assistant/service/sign_up.go:37.2,37.12 1 0
itish41/doctor_ai_assistant/service/sign_up.go:40.48,42.47 1 0
itish41/doctor_ai_assistant/service/sign_up.go:42.47,45.3 2 0
itish41/doctor_ai_assistant/service/sign_up.go:48.2,55.15 3 0
itish41/doctor_ai_assistant/service/sign_up.go:55.15,56.31 1 0
itish41/doctor_ai_assistant/service/sign_up.go:56.31,58.4 1 0
itish41/doctor_ai_assistant/service/sign_up.go:62.2,64.25 3 0
itish41/doctor_ai_assistant/service/sign_up.go:64.25,67.3 2 0
itish41/doctor_ai_assistant/service/sign_up.go:70.2,71.16 2 0
itish41/doctor_ai_assistant/service/sign_up.go:71.16,75.3 3 0
itish41/doctor_ai_assistant/service/sign_up.go:78.2,82.25 3 0
itish41/doctor_ai_assistant/service/sign_up.go:82.25,86.3 3 0
itish41/doctor_ai_assistant/service/sign_up.go:88.2,90.12 3 0
itish41/doctor_ai_assistant/service/transcription.go:73.112,84.35 4 0
itish41/doctor_ai_assistant/service/transcription.go:84.35,86.3 1 0
itish41/doctor_ai_assistant/service/transcription.go:89.2,94.43 1 0
itish41/doctor_ai_assistant/service/transcription.go:94.43,96.3 1 0
itish41/doctor_ai_assistant/service/transcription.go:99.2,102.35 3 0
itish41/doctor_ai_assistant/service/transcription.go:102.35,107.38 2 0
itish41/doctor_ai_assistant/service/transcription.go:107.38,109.4 1 0
itish41/doctor_ai_assistant/service/transcription.go:109.9,111.4 1 0
itish41/doctor_ai_assistant/service/transcription.go:114.3,121.4 1 0
itish41/doctor_ai_assistant/service/transcription.go:124.2,124.58 1 0
itish41/doctor_ai_assistant/service/transcription.go:128.85,131.25 3 0
itish41/doctor_ai_assistant/service/transcription.go:131.25,134.3 2 0
itish41/doctor_ai_assistant/service/transcription.go:137.2,137.28 1 0
itish41/doctor_ai_assistant/service/transcription.go:140.94,145.25 2 0
itish41/doctor_ai_assistant/service/transcription.go:145.25,148.3 2 0
itish41/doctor_ai_assistant/service/transcription.go:150.2,151.12 2 0
itish41/doctor_ai_assistant/service/transcription.go:154.59,159.25 3 0
itish41/doctor_ai_assistant/service/transcription.go:159.25,162.3 2 0
itish41/doctor_ai_assistant/service/transcription.go:171.2,172.25 2 0
itish41/doctor_ai_assistant/service/transcription.go:172.25,175.3 2 0
itish41/doctor_ai_assistant/service/transcription.go:177.2,178.12 2 0
itish41/doctor_ai_assistant/service/transcription.go:182.94,188.16 3 0
itish41/doctor_ai_assistant/service/transcription.go:188.16,190.3 1 0
itish41/doctor_ai_assistant/service/transcription.go:191.2,191.28 1 0
itish41/doctor_ai_assistant/service/transcription.go:196.73,230.59 22 0
itish41/doctor_ai_assistant/service/transcription.go:230.59,232.3 1 0
itish41/doctor_ai_assistant/service/transcription.go:235.2,235.57 1 0
itish41/doctor_ai_assistant/service/transcription.go:235.57,237.3 1 0
itish41/doctor_ai_assistant/service/transcription.go:239.2,239.22 1 0
itish41/doctor_ai_assistant/service/transcription.go:254.50,258.2 3 0
